TN:
SF:src\App.tsx
FN:27,App
FNF:1
FNH:1
FNDA:18,App
DA:1,1
DA:2,1
DA:3,1
DA:4,1
DA:5,1
DA:6,1
DA:7,1
DA:8,1
DA:9,1
DA:10,1
DA:11,1
DA:12,1
DA:13,1
DA:14,1
DA:15,1
DA:16,1
DA:17,1
DA:18,1
DA:19,1
DA:20,1
DA:21,1
DA:22,1
DA:23,1
DA:24,1
DA:25,1
DA:26,1
DA:27,18
DA:28,18
DA:29,18
DA:30,18
DA:31,18
DA:32,18
DA:33,18
DA:34,18
DA:35,18
DA:36,18
DA:37,18
DA:38,18
DA:39,18
DA:40,18
DA:41,18
DA:42,18
DA:43,18
DA:44,18
DA:45,18
DA:46,18
DA:47,9
DA:48,9
DA:49,9
DA:50,9
DA:51,9
DA:52,9
DA:53,9
DA:54,9
DA:55,9
DA:56,9
DA:57,9
DA:58,9
DA:59,9
DA:60,9
DA:61,9
DA:62,9
DA:63,1
DA:64,1
DA:65,9
DA:66,9
DA:67,9
DA:68,9
DA:69,9
DA:70,9
DA:71,9
DA:72,9
DA:73,9
DA:74,9
DA:75,9
DA:76,0
DA:77,9
DA:78,9
DA:79,9
DA:80,9
DA:81,18
DA:82,18
DA:83,18
DA:84,9
DA:85,0
DA:86,0
DA:87,0
DA:88,0
DA:89,0
DA:90,0
DA:91,0
DA:92,0
DA:93,0
DA:94,0
DA:95,0
DA:96,0
DA:97,0
DA:98,0
DA:99,0
DA:100,0
DA:101,0
DA:102,0
DA:103,0
DA:104,0
DA:105,0
DA:106,0
DA:107,0
DA:108,0
DA:109,0
DA:110,9
DA:111,9
DA:112,9
DA:113,18
DA:114,18
DA:115,18
DA:116,18
DA:117,18
DA:118,18
DA:119,9
DA:120,9
DA:121,9
DA:122,9
DA:123,9
DA:124,9
DA:125,9
DA:126,9
DA:127,9
DA:128,9
DA:129,18
DA:130,18
DA:131,18
DA:132,18
DA:133,18
DA:134,18
DA:135,18
DA:136,18
DA:137,18
DA:138,18
DA:139,1
DA:140,1
LF:140
LH:114
BRDA:27,0,0,18
BRDA:117,1,0,1
BRDA:118,2,0,9
BRDA:121,3,0,9
BRDA:46,4,0,9
BRDA:48,5,0,9
BRDA:49,6,0,9
BRDA:62,7,0,1
BRDA:78,8,0,9
BRDA:83,9,0,9
BRDA:112,10,0,9
BRF:11
BRH:11
end_of_record
TN:
SF:src\NegativeBalance.tsx
FN:3,NegativeBalance
FNF:1
FNH:1
FNDA:2,NegativeBalance
DA:1,1
DA:2,1
DA:3,2
DA:4,2
DA:5,2
DA:6,2
DA:7,2
DA:8,2
DA:9,2
DA:10,1
DA:11,1
LF:11
LH:11
BRDA:3,0,0,2
BRF:1
BRH:1
end_of_record
TN:
SF:src\components\Meter\Meter.tsx
FN:6,Meter
FNF:1
FNH:1
FNDA:9,Meter
DA:1,1
DA:2,1
DA:3,1
DA:4,1
DA:5,1
DA:6,9
DA:7,9
DA:8,9
DA:9,9
DA:10,9
DA:11,9
DA:12,9
DA:13,9
DA:14,9
DA:15,9
DA:16,9
DA:17,9
DA:18,9
DA:19,9
DA:20,9
DA:21,9
DA:22,9
DA:23,9
DA:24,9
DA:25,9
DA:26,9
DA:27,9
DA:28,9
DA:29,1
DA:30,1
LF:30
LH:30
BRDA:6,0,0,9
BRF:1
BRH:1
end_of_record
TN:
SF:src\components\Meter\MeterBody.tsx
FN:5,MeterBody
FNF:1
FNH:1
FNDA:9,MeterBody
DA:1,1
DA:2,1
DA:3,1
DA:4,1
DA:5,9
DA:6,9
DA:7,9
DA:8,9
DA:9,9
DA:10,9
DA:11,9
DA:12,9
DA:13,9
DA:14,9
DA:15,9
DA:16,9
DA:17,9
DA:18,9
DA:19,9
DA:20,9
DA:21,9
DA:22,9
DA:23,9
DA:24,9
DA:25,9
DA:26,9
DA:27,2
DA:28,7
DA:29,9
DA:30,9
DA:31,9
DA:32,9
DA:33,9
DA:34,9
DA:35,9
DA:36,9
DA:37,9
DA:38,2
DA:39,7
DA:40,9
DA:41,9
DA:42,9
DA:43,9
DA:44,9
DA:45,9
DA:46,9
DA:47,9
DA:48,9
DA:49,9
DA:50,9
DA:51,9
DA:52,9
DA:53,9
DA:54,9
DA:55,9
DA:56,9
DA:57,1
DA:58,1
LF:58
LH:58
BRDA:5,0,0,9
BRDA:26,1,0,8
BRDA:26,2,0,2
BRDA:27,3,0,7
BRDA:37,4,0,8
BRDA:37,5,0,2
BRDA:38,6,0,7
BRF:7
BRH:7
end_of_record
TN:
SF:src\components\Meter\MeterFooter.tsx
FN:5,MeterFooter
FNF:1
FNH:1
FNDA:18,MeterFooter
DA:1,1
DA:2,1
DA:3,1
DA:4,1
DA:5,18
DA:6,18
DA:7,18
DA:8,18
DA:9,18
DA:10,18
DA:11,18
DA:12,18
DA:13,18
DA:14,18
DA:15,18
DA:16,18
DA:17,18
DA:18,18
DA:19,7
DA:20,11
DA:21,18
DA:22,18
DA:23,18
DA:24,1
DA:25,1
LF:25
LH:25
BRDA:5,0,0,18
BRDA:18,1,0,7
BRDA:18,2,0,7
BRDA:19,3,0,11
BRDA:20,4,0,2
BRF:5
BRH:5
end_of_record
TN:
SF:src\components\Meter\MeterHeader.tsx
FN:5,MeterHeader
FNF:1
FNH:1
FNDA:9,MeterHeader
DA:1,1
DA:2,1
DA:3,1
DA:4,1
DA:5,9
DA:6,9
DA:7,9
DA:8,9
DA:9,9
DA:10,9
DA:11,9
DA:12,9
DA:13,9
DA:14,9
DA:15,9
DA:16,9
DA:17,9
DA:18,9
DA:19,9
DA:20,9
DA:21,9
DA:22,9
DA:23,9
DA:24,9
DA:25,1
DA:26,8
DA:27,9
DA:28,9
DA:29,9
DA:30,9
DA:31,9
DA:32,1
DA:33,1
LF:33
LH:33
BRDA:5,0,0,9
BRDA:22,1,0,0
BRDA:24,2,0,1
BRDA:25,3,0,8
BRF:4
BRH:3
end_of_record
TN:
SF:src\utils\util.tsx
FN:7,isInvalidCssColor
FN:14,donationPercentage
FN:30,isNegative
FN:36,isOver75Percent
FN:45,is100Percent
FN:51,renderBackgroundColor
FNF:6
FNH:6
FNDA:9,isInvalidCssColor
FNDA:27,donationPercentage
FNDA:16,isNegative
FNDA:18,isOver75Percent
FNDA:27,is100Percent
FNDA:9,renderBackgroundColor
DA:1,1
DA:2,1
DA:3,1
DA:4,1
DA:5,1
DA:6,1
DA:7,1
DA:8,9
DA:9,9
DA:10,9
DA:11,9
DA:12,9
DA:13,1
DA:14,1
DA:15,27
DA:16,27
DA:17,27
DA:18,27
DA:19,27
DA:20,3
DA:21,27
DA:22,3
DA:23,24
DA:24,21
DA:25,21
DA:26,27
DA:27,0
DA:28,0
DA:29,1
DA:30,1
DA:31,16
DA:32,16
DA:33,16
DA:34,16
DA:35,1
DA:36,1
DA:37,18
DA:38,18
DA:39,18
DA:40,18
DA:41,9
DA:42,9
DA:43,18
DA:44,1
DA:45,1
DA:46,27
DA:47,27
DA:48,27
DA:49,27
DA:50,1
DA:51,1
DA:52,9
DA:53,0
DA:54,9
DA:55,9
DA:56,9
DA:57,9
DA:58,9
DA:59,9
LF:59
LH:56
BRDA:7,0,0,9
BRDA:14,1,0,27
BRDA:19,2,0,3
BRDA:21,3,0,24
BRDA:21,4,0,3
BRDA:23,5,0,21
BRDA:26,6,0,0
BRDA:30,7,0,16
BRDA:36,8,0,18
BRDA:40,9,0,9
BRDA:40,10,0,9
BRDA:45,11,0,27
BRDA:51,12,0,9
BRDA:52,13,0,0
BRF:14
BRH:12
end_of_record
